<?xml version="1.0" encoding="UTF-8"?>
<testsuite name="petstore.Pet" tests="3" skipped="0" failures="0" errors="0" timestamp="2022-08-09T20:55:54" hostname="NO27-DESENV" time="9.382">
  <properties/>
  <testcase name="incluirPet" classname="petstore.Pet" time="7.284"/>
  <testcase name="consultarPet" classname="petstore.Pet" time="1.128"/>
  <testcase name="alterarPet" classname="petstore.Pet" time="0.939"/>
  <system-out><![CDATA[Request method:	POST
Request URI:	https://petstore.swagger.io/v2/pet
Proxy:			<none>
Request params:	<none>
Query params:	<none>
Form params:	<none>
Path params:	<none>
Headers:		Accept=*/*
				Content-Type=application/Json; charset=UTF-8
Cookies:		<none>
Multiparts:		<none>
Body:
{
    "id": 9223372036854060687,
    "category": {
        "id": 1,
        "name": "cat"
    },
    "name": "Jymy",
    "photoUrls": [
        "string"
    ],
    "tags": [
        {
            "id": 2022,
            "name": "token"
        }
    ],
    "status": "available"
}
HTTP/1.1 200 OK
Date: Tue, 09 Aug 2022 20:56:09 GMT
Content-Type: application/json
Transfer-Encoding: chunked
Connection: keep-alive
Access-Control-Allow-Origin: *
Access-Control-Allow-Methods: GET, POST, DELETE, PUT
Access-Control-Allow-Headers: Content-Type, api_key, Authorization
Server: Jetty(9.2.9.v20150224)

{
    "id": 9223372036854060687,
    "category": {
        "id": 1,
        "name": "cat"
    },
    "name": "Jymy",
    "photoUrls": [
        "string"
    ],
    "tags": [
        {
            "id": 2022,
            "name": "token"
        }
    ],
    "status": "available"
}
Request method:	GET
Request URI:	https://petstore.swagger.io/v2/pet/9223372036854060687
Proxy:			<none>
Request params:	<none>
Query params:	<none>
Form params:	<none>
Path params:	<none>
Headers:		Accept=*/*
				Content-Type=aplication/json; charset=ISO-8859-1
Cookies:		<none>
Multiparts:		<none>
Body:			<none>
HTTP/1.1 200 OK
Date: Tue, 09 Aug 2022 20:56:12 GMT
Content-Type: application/json
Transfer-Encoding: chunked
Connection: keep-alive
Access-Control-Allow-Origin: *
Access-Control-Allow-Methods: GET, POST, DELETE, PUT
Access-Control-Allow-Headers: Content-Type, api_key, Authorization
Server: Jetty(9.2.9.v20150224)

{
    "id": 9223372036854060687,
    "category": {
        "id": 1,
        "name": "cat"
    },
    "name": "Jymy",
    "photoUrls": [
        "string"
    ],
    "tags": [
        {
            "id": 2022,
            "name": "token"
        }
    ],
    "status": "available"
}
 Seu soken gerado Ã¨: cat
Request method:	PUT
Request URI:	https://petstore.swagger.io/v2/pet
Proxy:			<none>
Request params:	<none>
Query params:	<none>
Form params:	<none>
Path params:	<none>
Headers:		Accept=*/*
				Content-Type=application/Json; charset=UTF-8
Cookies:		<none>
Multiparts:		<none>
Body:
{
    "id": 9223372036854060687,
    "category": {
        "id": 1,
        "name": "cat"
    },
    "name": "Jymy",
    "photoUrls": [
        "string"
    ],
    "tags": [
        {
            "id": 2022,
            "name": "token"
        }
    ],
    "status": "Vendido"
}
HTTP/1.1 200 OK
Date: Tue, 09 Aug 2022 20:56:13 GMT
Content-Type: application/json
Transfer-Encoding: chunked
Connection: keep-alive
Access-Control-Allow-Origin: *
Access-Control-Allow-Methods: GET, POST, DELETE, PUT
Access-Control-Allow-Headers: Content-Type, api_key, Authorization
Server: Jetty(9.2.9.v20150224)

{
    "id": 9223372036854060687,
    "category": {
        "id": 1,
        "name": "cat"
    },
    "name": "Jymy",
    "photoUrls": [
        "string"
    ],
    "tags": [
        {
            "id": 2022,
            "name": "token"
        }
    ],
    "status": "Vendido"
}
Este PET esta: status
]]></system-out>
  <system-err><![CDATA[]]></system-err>
</testsuite>
